<?xml version="1.0" encoding="UTF-8"?>
<!-- Generated by org.testng.reporters.JUnitReportReporter -->
<testsuite hostname="AYMEN_BENAMOR" failures="0" tests="2" name="tests.TestsExemples" time="2.954" errors="0" timestamp="2024-10-13T17:47:23 WAT" skipped="0">
  <testcase classname="tests.TestsExemples" name="test_2" time="0.795"/>
  <system-out/>
  <testcase classname="tests.TestsExemples" name="test_1" time="2.159"/>
  <system-out/>
</testsuite> <!-- tests.TestsExemples -->
