<?xml version="1.0" encoding="UTF-8"?>
<!-- Generated by org.testng.reporters.JUnitReportReporter -->
<testsuite hostname="AYMEN_BENAMOR" failures="0" tests="2" name="tests.GetAndPostExemples" time="2.910" errors="0" timestamp="2024-10-13T18:31:12 WAT" skipped="0">
  <testcase classname="tests.GetAndPostExemples" name="testGest" time="2.755"/>
  <system-out/>
  <testcase classname="tests.GetAndPostExemples" name="testPost" time="0.155"/>
  <system-out/>
</testsuite> <!-- tests.GetAndPostExemples -->
