<?xml version="1.0" encoding="UTF-8"?>
<!-- Generated by org.testng.reporters.JUnitReportReporter -->
<testsuite hostname="AYMEN_BENAMOR" failures="0" tests="1" name="tests.JSONSchemaValidator" time="2.187" errors="0" timestamp="2024-10-14T23:13:25 WAT" skipped="0">
  <testcase classname="tests.JSONSchemaValidator" name="testGest" time="2.187"/>
  <system-out/>
</testsuite> <!-- tests.JSONSchemaValidator -->
