<?xml version="1.0" encoding="UTF-8"?>
<!-- Generated by org.testng.reporters.JUnitReportReporter -->
<testsuite hostname="AYMEN_BENAMOR" failures="0" tests="3" name="tests.PutPatchDeleteExamples" time="2.229" errors="0" timestamp="2024-10-13T18:52:54 WAT" skipped="0">
  <testcase classname="tests.PutPatchDeleteExamples" name="testDelete" time="1.902"/>
  <system-out/>
  <testcase classname="tests.PutPatchDeleteExamples" name="testPut" time="0.121"/>
  <system-out/>
  <testcase classname="tests.PutPatchDeleteExamples" name="testPatch" time="0.206"/>
  <system-out/>
</testsuite> <!-- tests.PutPatchDeleteExamples -->
